
--------------------------------------------------
TXLib сообщает:

Программа: D:\igra\igra-main\bin\Release\igra super puper mega imba228.exe, файл: d:\download\codeblocks\mingw\include\txlib.h, строка: 13484, функция: bool {anonymous}::TX::txDrawText(double, double, double, double, const char*, unsigned int, HDC),

Сообщение: Параметр x0 = 750 больше, чем x1 = 300. Текст выводиться не будет.

#1: TXLib [Ver: 00173a, Rev: 173, Date: 2023-12-23 17:49:41 +0400], Instance: 0x0051D52C (32-bit), Flags: CMdRe0, Thread: 0x41B4 (Main), GetLastError(): 13 (Недопустимые данные). 

--------------------------------------------------
Стек вызовов:

# 3 0x776A7C5E in C:\WINDOWS\SYSTEM32\ntdll.dll: RtlGetAppContainerNamedObjectPath()
# 4 0x776A7C2E in C:\WINDOWS\SYSTEM32\ntdll.dll: RtlGetAppContainerNamedObjectPath()

--------------------------------------------------
Стек вызовов TX:

# 0 in bool {anonymous}::TX::txDrawText(double, double, double, double, const char*, unsigned int, HDC) at d:\download\codeblocks\mingw\include\txlib.h:13484:

  13482:         {
  13483: $       SetLastError (ERROR_INVALID_DATA);
=>13484: $       TX_ERROR ("Параметр x0 = %g больше, чем x1 = %g. Текст выводиться не будет.", x0, x1);
  13485:         }
  13486: 

# 1 in int main() at D:\igra\igra-main\main.cpp:491:

    489: 
    490:             if (kub.x + kub.w <= House.xDoor + House.wDoor && kub.y + kub.h <= House.yDoor + House.hDoor &&
=>  491:              kub.y >= House.yDoor && kub.x >= House.xDoor) {txSetColor(RGB(253, 251, 179)); txSelectFont("Comic Sans MS", 70); txDrawText(750, 600, 300, 700, "Нажмите ЛКМ");}
    492: 
    493:         }

--------------------------------------------------
Developed with:

The Dumb Artist Library (TX Library)
TXLib [Ver: 00173a, Rev: 173, Date: 2023-12-23 17:49:41 +0400]
Copyright (C) Ded (Ilya Dedinsky, http://txlib.ru) <mail@txlib.ru>
See license on: http://txlib.ru

TXLib file:	d:\download\codeblocks\mingw\include\txlib.h
Compiled:	Apr 28 2024 18:52:10, GNU g++ 4.8.1, std=201103L, MinGW Runtime 3.20, 32-bit, DEBUG
Started:	Apr 28 2024 18:52:29

Run file:	D:\igra\igra-main\bin\Release\igra super puper mega imba228.exe
Directory:	D:\igra\igra-main

--------------------------------------------------

--------------------------------------------------
TXLib сообщает:

Программа: D:\igra\igra-main\bin\Release\igra super puper mega imba228.exe, файл: d:\download\codeblocks\mingw\include\txlib.h, строка: 13484, функция: bool {anonymous}::TX::txDrawText(double, double, double, double, const char*, unsigned int, HDC),

Сообщение: Параметр x0 = 750 больше, чем x1 = 300. Текст выводиться не будет.

#1: TXLib [Ver: 00173a, Rev: 173, Date: 2023-12-23 17:49:41 +0400], Instance: 0x0051D52C (32-bit), Flags: CMdRe0, Thread: 0x5E8 (Main), GetLastError(): 13 (Недопустимые данные). 

--------------------------------------------------
Стек вызовов:

# 3 0x776A7C5E in C:\WINDOWS\SYSTEM32\ntdll.dll: RtlGetAppContainerNamedObjectPath()
# 4 0x776A7C2E in C:\WINDOWS\SYSTEM32\ntdll.dll: RtlGetAppContainerNamedObjectPath()

--------------------------------------------------
Стек вызовов TX:

# 0 in bool {anonymous}::TX::txDrawText(double, double, double, double, const char*, unsigned int, HDC) at d:\download\codeblocks\mingw\include\txlib.h:13484:

  13482:         {
  13483: $       SetLastError (ERROR_INVALID_DATA);
=>13484: $       TX_ERROR ("Параметр x0 = %g больше, чем x1 = %g. Текст выводиться не будет.", x0, x1);
  13485:         }
  13486: 

# 1 in int main() at D:\igra\igra-main\main.cpp:491:

    489: 
    490:             if (kub.x + kub.w <= House.xDoor + House.wDoor && kub.y + kub.h <= House.yDoor + House.hDoor &&
=>  491:              kub.y >= House.yDoor && kub.x >= House.xDoor) {txSetColor(RGB(253, 251, 179)); txSelectFont("Comic Sans MS", 30); txDrawText(750, 600, 300, 700, "Нажмите ЛКМ");}
    492: 
    493:         }

--------------------------------------------------
Developed with:

The Dumb Artist Library (TX Library)
TXLib [Ver: 00173a, Rev: 173, Date: 2023-12-23 17:49:41 +0400]
Copyright (C) Ded (Ilya Dedinsky, http://txlib.ru) <mail@txlib.ru>
See license on: http://txlib.ru

TXLib file:	d:\download\codeblocks\mingw\include\txlib.h
Compiled:	Apr 29 2024 16:57:56, GNU g++ 4.8.1, std=201103L, MinGW Runtime 3.20, 32-bit, DEBUG
Started:	Apr 29 2024 16:58:27

Run file:	D:\igra\igra-main\bin\Release\igra super puper mega imba228.exe
Directory:	D:\igra\igra-main

--------------------------------------------------
