
--------------------------------------------------
TXLib соболезнует...

Программа: C:\Users\user\Documents\igra super 228 imbulka\igra super puper mega imba228\bin\Debug\igra super puper mega imba228.exe, файл: C:\Users\user\Downloads\TX\TXLib.h, строка: 13751, функция: bool {anonymous}::TX::txTransparentBlt(HDC, double, double, double, double, HDC, double, double, COLORREF),

Сообщение: Параметр "sourceImage" неверен. Возможно, этот холст не создан, или уже уничтожен, или не загрузилась картинка.

#1: TXLib [Ver: 00173a, Rev: 173, Date: 2023-12-23 17:49:41 +0400], Instance: 0x005062FC (32-bit), Flags: CMdRe0, Thread: 0x5E8C (Main), GetLastError(): 13 (Недопустимые данные). 

--------------------------------------------------
Стек вызовов:

# 0 0x00422DA6 in C:\Users\user\Documents\igra super 228 imbulka\igra super puper mega imba228\bin\Debug\igra super puper mega imba228.exe: txTransparentBlt() at C:/Users/user/Downloads/TX/TXLib.h (13751)

# 1 0x0042C37A in C:\Users\user\Documents\igra super 228 imbulka\igra super puper mega imba228\bin\Debug\igra super puper mega imba228.exe: FITH() at C:/Users/user/Documents/imba_igra228-main/main.cpp (4):

      2: 
      3: void FITH (HDC fire, int x, int y) {
=>    4:      txTransparentBlt(txDC(), x, y, 150, 84, fire);
      5: }
      6: 

# 2 0x0042C4B1 in C:\Users\user\Documents\igra super 228 imbulka\igra super puper mega imba228\bin\Debug\igra super puper mega imba228.exe: main() at C:/Users/user/Documents/imba_igra228-main/main.cpp (21):

     19:         txBegin;
     20: 
=>   21:         FITH(fire, x1, y1);
     22: 
     23:         if (GetAsyncKeyState('W')) {

--------------------------------------------------
Стек вызовов TX:

# 0 in bool {anonymous}::TX::txTransparentBlt(HDC, double, double, double, double, HDC, double, double, COLORREF) at C:\Users\user\Downloads\TX\TXLib.h:13751:

  13749: 
  13750: $1  if (_TX_HDC_FAILED (destImage))   return false;
=>13751: $   if (_TX_HDC_FAILED (sourceImage)) return false;
  13752: 
  13753:     // Это автоматическое определение размеров картинки (точнее, HDC источника - source) с помощью txGetExtent().

# 1 in void FITH(HDC, int, int) at C:\Users\user\Documents\imba_igra228-main\main.cpp:4:

      2: 
      3: void FITH (HDC fire, int x, int y) {
=>    4:      txTransparentBlt(txDC(), x, y, 150, 84, fire);
      5: }
      6: 

--------------------------------------------------
Developed with:

The Dumb Artist Library (TX Library)
TXLib [Ver: 00173a, Rev: 173, Date: 2023-12-23 17:49:41 +0400]
Copyright (C) Ded (Ilya Dedinsky, http://txlib.ru) <mail@txlib.ru>
See license on: http://txlib.ru

TXLib file:	C:\Users\user\Downloads\TX\TXLib.h
Compiled:	Jan 20 2024 12:52:22, GNU g++ 4.8.1, std=201103L, MinGW Runtime 3.20, 32-bit, DEBUG
Started:	Jan 20 2024 12:52:36

Run file:	C:\Users\user\Documents\igra super 228 imbulka\igra super puper mega imba228\bin\Debug\igra super puper mega imba228.exe
Directory:	C:\Users\user\Documents\igra super 228 imbulka\igra super puper mega imba228

--------------------------------------------------
